2023.02.15 22:57:54 INFO  tracing is disabled for protocol LSP, to enable tracing of incoming and outgoing JSON messages create an empty file at /home/user/projects/madmouse/.metals/lsp.trace.json or /home/user/.cache/metals/lsp.trace.json
2023.02.15 22:57:55 INFO  logging to file /home/user/projects/madmouse/.metals/metals.log
2023.02.15 22:57:55 INFO  Started: Metals version 0.11.10 in workspace '/home/user/projects/madmouse' for client Code - OSS 1.75.0.
SLF4J: No SLF4J providers were found.
SLF4J: Defaulting to no-operation (NOP) logger implementation
SLF4J: See https://www.slf4j.org/codes.html#noProviders for further details.
SLF4J: Class path contains SLF4J bindings targeting slf4j-api versions 1.7.x or earlier.
SLF4J: Ignoring binding found at [jar:file:/home/user/.cache/coursier/v1/https/repo1.maven.org/maven2/com/outr/scribe-slf4j_2.13/3.10.5/scribe-slf4j_2.13-3.10.5.jar!/org/slf4j/impl/StaticLoggerBinder.class]
SLF4J: See https://www.slf4j.org/codes.html#ignoredBindings for an explanation.
2023.02.15 22:58:00 INFO  time: initialize in 5.02s
2023.02.15 22:58:03 WARN  Build server is not auto-connectable.
2023.02.15 22:58:04 WARN  no build target for: /home/user/projects/madmouse/app/src/main/java/madmouse/App.java
Feb 15, 2023 10:58:04 PM org.eclipse.lsp4j.jsonrpc.RemoteEndpoint handleCancellation
WARNING: Unmatched cancel notification for request id 1
Feb 15, 2023 10:58:04 PM org.eclipse.lsp4j.jsonrpc.RemoteEndpoint handleCancellation
WARNING: Unmatched cancel notification for request id 2
2023.02.15 22:58:06 INFO  time: code lens generation in 1.74s
2023.02.16 00:34:44 WARN  Cannot tokenize Java file file:///home/user/projects/madmouse/app/src/main/java/madmouse/App.javaorg.eclipse.jdt.core.compiler.InvalidInputException: Invalid_Character_Constant
	at org.eclipse.jdt.internal.core.util.PublicScanner.getNextToken(PublicScanner.java:1442)
	at scala.meta.internal.parsing.JavaTokens$.loop$1(JavaTokens.scala:71)
	at scala.meta.internal.parsing.JavaTokens$.$anonfun$tokenize$1(JavaTokens.scala:75)
	at scala.util.Try$.apply(Try.scala:210)
	at scala.meta.internal.parsing.JavaTokens$.tokenize(JavaTokens.scala:35)
	at scala.meta.internal.parsing.TokenEditDistance$.apply(TokenEditDistance.scala:370)
	at scala.meta.internal.metals.Diagnostics.publishDiagnostics(Diagnostics.scala:226)
	at scala.meta.internal.metals.Diagnostics.publishDiagnostics(Diagnostics.scala:188)
	at scala.meta.internal.metals.Diagnostics.didChange(Diagnostics.scala:136)
	at scala.meta.internal.metals.MetalsLanguageServer.didChange(MetalsLanguageServer.scala:1275)
	at jdk.internal.reflect.GeneratedMethodAccessor1.invoke(null)
	at jdk.internal.reflect.DelegatingMethodAccessorImpl.invoke(DelegatingMethodAccessorImpl.java:43)
	at java.lang.reflect.Method.invoke(Method.java:566)
	at org.eclipse.lsp4j.jsonrpc.services.GenericEndpoint.lambda$null$0(GenericEndpoint.java:65)
	at org.eclipse.lsp4j.jsonrpc.services.GenericEndpoint.notify(GenericEndpoint.java:152)
	at org.eclipse.lsp4j.jsonrpc.RemoteEndpoint.handleNotification(RemoteEndpoint.java:220)
	at org.eclipse.lsp4j.jsonrpc.RemoteEndpoint.consume(RemoteEndpoint.java:187)
	at org.eclipse.lsp4j.jsonrpc.json.StreamMessageProducer.handleMessage(StreamMessageProducer.java:194)
	at org.eclipse.lsp4j.jsonrpc.json.StreamMessageProducer.listen(StreamMessageProducer.java:94)
	at org.eclipse.lsp4j.jsonrpc.json.ConcurrentMessageProcessor.run(ConcurrentMessageProcessor.java:113)
	at java.util.concurrent.Executors$RunnableAdapter.call(Executors.java:515)
	at java.util.concurrent.FutureTask.run(FutureTask.java:264)
	at java.util.concurrent.ThreadPoolExecutor.runWorker(ThreadPoolExecutor.java:1128)
	at java.util.concurrent.ThreadPoolExecutor$Worker.run(ThreadPoolExecutor.java:628)
	at java.lang.Thread.run(Thread.java:829)

Feb 16, 2023 12:34:44 AM org.eclipse.lsp4j.jsonrpc.RemoteEndpoint fallbackResponseError
SEVERE: Internal error: org.eclipse.jdt.core.compiler.InvalidInputException: Invalid_Character_Constant
java.util.concurrent.CompletionException: org.eclipse.jdt.core.compiler.InvalidInputException: Invalid_Character_Constant
	at java.base/java.util.concurrent.CompletableFuture.encodeThrowable(CompletableFuture.java:331)
	at java.base/java.util.concurrent.CompletableFuture.uniAcceptNow(CompletableFuture.java:743)
	at java.base/java.util.concurrent.CompletableFuture.uniAcceptStage(CompletableFuture.java:731)
	at java.base/java.util.concurrent.CompletableFuture.thenAccept(CompletableFuture.java:2108)
	at org.eclipse.lsp4j.jsonrpc.RemoteEndpoint.handleRequest(RemoteEndpoint.java:279)
	at org.eclipse.lsp4j.jsonrpc.RemoteEndpoint.consume(RemoteEndpoint.java:190)
	at org.eclipse.lsp4j.jsonrpc.json.StreamMessageProducer.handleMessage(StreamMessageProducer.java:194)
	at org.eclipse.lsp4j.jsonrpc.json.StreamMessageProducer.listen(StreamMessageProducer.java:94)
	at org.eclipse.lsp4j.jsonrpc.json.ConcurrentMessageProcessor.run(ConcurrentMessageProcessor.java:113)
	at java.base/java.util.concurrent.Executors$RunnableAdapter.call(Executors.java:515)
	at java.base/java.util.concurrent.FutureTask.run(FutureTask.java:264)
	at java.base/java.util.concurrent.ThreadPoolExecutor.runWorker(ThreadPoolExecutor.java:1128)
	at java.base/java.util.concurrent.ThreadPoolExecutor$Worker.run(ThreadPoolExecutor.java:628)
	at java.base/java.lang.Thread.run(Thread.java:829)
Caused by: org.eclipse.jdt.core.compiler.InvalidInputException: Invalid_Character_Constant
	at org.eclipse.jdt.internal.core.util.PublicScanner.getNextToken(PublicScanner.java:1442)
	at scala.meta.internal.parsing.JavaFoldingRangeExtractor.next$1(JavaFoldingRangeExtractor.scala:100)
	at scala.meta.internal.parsing.JavaFoldingRangeExtractor.gather$1(JavaFoldingRangeExtractor.scala:147)
	at scala.meta.internal.parsing.JavaFoldingRangeExtractor.extract(JavaFoldingRangeExtractor.scala:155)
	at scala.meta.internal.parsing.FoldingRangeProvider.$anonfun$getRangedForJava$2(FoldingRangeProvider.scala:54)
	at scala.Option$WithFilter.map(Option.scala:242)
	at scala.meta.internal.parsing.FoldingRangeProvider.getRangedForJava(FoldingRangeProvider.scala:49)
	at scala.meta.internal.metals.MetalsLanguageServer.$anonfun$foldingRange$3(MetalsLanguageServer.scala:1809)
	at scala.concurrent.Future$.$anonfun$apply$1(Future.scala:678)
	at scala.concurrent.impl.Promise$Transformation.run(Promise.scala:467)
	... 3 more

2023.02.16 00:34:44 WARN  Cannot tokenize Java file file:///home/user/projects/madmouse/app/src/main/java/madmouse/App.javaorg.eclipse.jdt.core.compiler.InvalidInputException: Invalid_Character_Constant
	at org.eclipse.jdt.internal.core.util.PublicScanner.getNextToken(PublicScanner.java:1442)
	at scala.meta.internal.parsing.JavaTokens$.loop$1(JavaTokens.scala:71)
	at scala.meta.internal.parsing.JavaTokens$.$anonfun$tokenize$1(JavaTokens.scala:75)
	at scala.util.Try$.apply(Try.scala:210)
	at scala.meta.internal.parsing.JavaTokens$.tokenize(JavaTokens.scala:35)
	at scala.meta.internal.parsing.TokenEditDistance$.apply(TokenEditDistance.scala:370)
	at scala.meta.internal.metals.Buffers.tokenEditDistance(Buffers.scala:30)
	at scala.meta.internal.metals.codelenses.RunTestCodeLens.codeLenses(RunTestCodeLens.scala:60)
	at scala.meta.internal.metals.CodeLensProvider.$anonfun$findLenses$3(CodeLensProvider.scala:26)
	at scala.collection.immutable.List.flatMap(List.scala:293)
	at scala.meta.internal.metals.CodeLensProvider.$anonfun$findLenses$2(CodeLensProvider.scala:26)
	at scala.Option.map(Option.scala:242)
	at scala.meta.internal.metals.CodeLensProvider.findLenses(CodeLensProvider.scala:24)
	at scala.meta.internal.metals.MetalsLanguageServer.$anonfun$codeLens$2(MetalsLanguageServer.scala:1793)
	at scala.meta.internal.metals.TimerProvider.timedThunk(TimerProvider.scala:25)
	at scala.meta.internal.metals.MetalsLanguageServer.$anonfun$codeLens$1(MetalsLanguageServer.scala:1791)
	at scala.meta.internal.metals.CancelTokens$.$anonfun$apply$2(CancelTokens.scala:26)
	at scala.concurrent.Future$.$anonfun$apply$1(Future.scala:678)
	at scala.concurrent.impl.Promise$Transformation.run(Promise.scala:467)
	at java.util.concurrent.ThreadPoolExecutor.runWorker(ThreadPoolExecutor.java:1128)
	at java.util.concurrent.ThreadPoolExecutor$Worker.run(ThreadPoolExecutor.java:628)
	at java.lang.Thread.run(Thread.java:829)

2023.02.16 00:34:44 WARN  Cannot tokenize Java file file:///home/user/projects/madmouse/app/src/main/java/madmouse/App.javaorg.eclipse.jdt.core.compiler.InvalidInputException: Invalid_Character_Constant
	at org.eclipse.jdt.internal.core.util.PublicScanner.getNextToken(PublicScanner.java:1442)
	at scala.meta.internal.parsing.JavaTokens$.loop$1(JavaTokens.scala:71)
	at scala.meta.internal.parsing.JavaTokens$.$anonfun$tokenize$1(JavaTokens.scala:75)
	at scala.util.Try$.apply(Try.scala:210)
	at scala.meta.internal.parsing.JavaTokens$.tokenize(JavaTokens.scala:35)
	at scala.meta.internal.parsing.TokenEditDistance$.apply(TokenEditDistance.scala:370)
	at scala.meta.internal.metals.Buffers.tokenEditDistance(Buffers.scala:30)
	at scala.meta.internal.metals.codelenses.SuperMethodCodeLens.codeLenses(SuperMethodCodeLens.scala:36)
	at scala.meta.internal.metals.CodeLensProvider.$anonfun$findLenses$3(CodeLensProvider.scala:26)
	at scala.collection.immutable.List.flatMap(List.scala:293)
	at scala.meta.internal.metals.CodeLensProvider.$anonfun$findLenses$2(CodeLensProvider.scala:26)
	at scala.Option.map(Option.scala:242)
	at scala.meta.internal.metals.CodeLensProvider.findLenses(CodeLensProvider.scala:24)
	at scala.meta.internal.metals.MetalsLanguageServer.$anonfun$codeLens$2(MetalsLanguageServer.scala:1793)
	at scala.meta.internal.metals.TimerProvider.timedThunk(TimerProvider.scala:25)
	at scala.meta.internal.metals.MetalsLanguageServer.$anonfun$codeLens$1(MetalsLanguageServer.scala:1791)
	at scala.meta.internal.metals.CancelTokens$.$anonfun$apply$2(CancelTokens.scala:26)
	at scala.concurrent.Future$.$anonfun$apply$1(Future.scala:678)
	at scala.concurrent.impl.Promise$Transformation.run(Promise.scala:467)
	at java.util.concurrent.ThreadPoolExecutor.runWorker(ThreadPoolExecutor.java:1128)
	at java.util.concurrent.ThreadPoolExecutor$Worker.run(ThreadPoolExecutor.java:628)
	at java.lang.Thread.run(Thread.java:829)

2023.02.16 00:37:03 WARN  no build target for: /home/user/projects/madmouse/app/src/main/java/madmouse/App.java
2023.02.16 00:37:57 WARN  no build target for: /home/user/projects/madmouse/app/src/test/java/madmouse/AppTest.java
2023.02.16 00:37:59 INFO  time: code lens generation in 1.65s
2023.02.16 00:39:18 WARN  no build target for: /home/user/projects/madmouse/app/src/test/java/madmouse/AppTest.java
Feb 16, 2023 12:39:20 AM org.eclipse.lsp4j.jsonrpc.RemoteEndpoint handleCancellation
WARNING: Unmatched cancel notification for request id 466
Feb 16, 2023 12:39:39 AM org.eclipse.lsp4j.jsonrpc.RemoteEndpoint handleCancellation
WARNING: Unmatched cancel notification for request id 469
2023.02.16 00:43:48 WARN  no build target for: /home/user/projects/madmouse/app/src/test/java/madmouse/AppTest.java
Feb 16, 2023 12:56:01 AM org.eclipse.lsp4j.jsonrpc.RemoteEndpoint handleCancellation
WARNING: Unmatched cancel notification for request id 848
Feb 16, 2023 12:58:22 AM org.eclipse.lsp4j.jsonrpc.RemoteEndpoint handleCancellation
WARNING: Unmatched cancel notification for request id 1188
2023.02.16 00:58:29 WARN  no build target for: /home/user/projects/madmouse/app/src/main/java/madmouse/App.java
2023.02.16 00:58:30 WARN  Running javac-semanticdb failed for file:///home/user/projects/madmouse/app/src/main/java/madmouse/App.java. Output:
/home/user/projects/madmouse/app/src/main/java/madmouse/App.java:8: error: ';' expected
import java.awt.event.WindowAdapter
                                   ^
1 error
2023.02.16 00:58:34 WARN  no build target for: /home/user/projects/madmouse/app/src/main/java/madmouse/App.java
2023.02.16 08:42:24 INFO  tracing is disabled for protocol LSP, to enable tracing of incoming and outgoing JSON messages create an empty file at /home/user/projects/madmouse/.metals/lsp.trace.json or /home/user/.cache/metals/lsp.trace.json
2023.02.16 08:42:27 INFO  logging to file /home/user/projects/madmouse/.metals/metals.log
2023.02.16 08:42:27 INFO  Started: Metals version 0.11.10 in workspace '/home/user/projects/madmouse' for client Code - OSS 1.75.0.
SLF4J: No SLF4J providers were found.
SLF4J: Defaulting to no-operation (NOP) logger implementation
SLF4J: See https://www.slf4j.org/codes.html#noProviders for further details.
SLF4J: Class path contains SLF4J bindings targeting slf4j-api versions 1.7.x or earlier.
SLF4J: Ignoring binding found at [jar:file:/home/user/.cache/coursier/v1/https/repo1.maven.org/maven2/com/outr/scribe-slf4j_2.13/3.10.5/scribe-slf4j_2.13-3.10.5.jar!/org/slf4j/impl/StaticLoggerBinder.class]
SLF4J: See https://www.slf4j.org/codes.html#ignoredBindings for an explanation.
2023.02.16 08:42:30 INFO  time: initialize in 3.98s
2023.02.16 08:42:36 WARN  Build server is not auto-connectable.
2023.02.16 08:42:36 WARN  no build target for: /home/user/projects/madmouse/app/src/main/java/madmouse/App.java
2023.02.16 08:42:41 INFO  time: code lens generation in 3.97s
Feb 16, 2023 8:44:04 AM org.eclipse.lsp4j.jsonrpc.services.GenericEndpoint notify
INFO: Unsupported notification method: $/setTrace
